Build started 1/28/2016 9:17:32 PM.
     1>Project "C:\Users\Rohan\Documents\Visual Studio 2013\Projects\Assignment1.11\Game\Game\Game.vcxproj" on node 2 (Build target(s)).
     1>ClCompile:
         C:\Program Files (x86)\Microsoft Visual Studio 14.0\VC\bin\CL.exe /c /I..\..\Engine\Engine\ /ZI /nologo /W3 /WX- /sdl /Od /Oy- /D WIN32 /D _DEBUG /D _CONSOLE /D _LIB /D _UNICODE /D UNICODE /Gm /EHsc /RTC1 /MDd /GS /fp:precise /Zc:wchar_t /Zc:forScope /Zc:inline /Fo"Debug\\" /Fd"Debug\vc140.pdb" /Gd /TP /analyze- /errorReport:prompt MonsterChase1.3.cpp MonsterController.cpp PlayerController.cpp ZombieController.cpp
         ZombieController.cpp
     1>c:\users\rohan\documents\visual studio 2013\projects\assignment1.11\game\game\zombiecontroller.cpp(18): warning C4244: 'initializing': conversion from 'int' to 'float', possible loss of data
     1>c:\users\rohan\documents\visual studio 2013\projects\assignment1.11\game\game\zombiecontroller.cpp(19): warning C4244: 'initializing': conversion from 'int' to 'float', possible loss of data
     1>c:\users\rohan\documents\visual studio 2013\projects\assignment1.11\game\game\zombiecontroller.cpp(28): warning C4244: 'argument': conversion from 'int' to 'float', possible loss of data
     1>c:\users\rohan\documents\visual studio 2013\projects\assignment1.11\game\game\zombiecontroller.cpp(69): warning C4244: 'argument': conversion from 'time_t' to 'unsigned int', possible loss of data
         PlayerController.cpp
         MonsterController.cpp
     1>c:\users\rohan\documents\visual studio 2013\projects\assignment1.11\game\game\monstercontroller.cpp(17): warning C4244: 'initializing': conversion from 'int' to 'float', possible loss of data
     1>c:\users\rohan\documents\visual studio 2013\projects\assignment1.11\game\game\monstercontroller.cpp(18): warning C4244: 'initializing': conversion from 'int' to 'float', possible loss of data
     1>c:\users\rohan\documents\visual studio 2013\projects\assignment1.11\game\game\monstercontroller.cpp(28): warning C4244: 'initializing': conversion from 'int' to 'float', possible loss of data
     1>c:\users\rohan\documents\visual studio 2013\projects\assignment1.11\game\game\monstercontroller.cpp(29): warning C4244: 'initializing': conversion from 'int' to 'float', possible loss of data
     1>c:\users\rohan\documents\visual studio 2013\projects\assignment1.11\game\game\monstercontroller.cpp(71): warning C4244: 'argument': conversion from 'time_t' to 'unsigned int', possible loss of data
         MonsterChase1.3.cpp
     1>c:\users\rohan\documents\visual studio 2013\projects\assignment1.11\game\game\monsterchase1.3.cpp(215): warning C4018: '<': signed/unsigned mismatch
     1>c:\users\rohan\documents\visual studio 2013\projects\assignment1.11\game\game\monsterchase1.3.cpp(219): warning C4018: '<': signed/unsigned mismatch
     1>c:\users\rohan\documents\visual studio 2013\projects\assignment1.11\game\game\monsterchase1.3.cpp(230): warning C4018: '<': signed/unsigned mismatch
     1>c:\users\rohan\documents\visual studio 2013\projects\assignment1.11\game\game\monsterchase1.3.cpp(235): warning C4018: '<': signed/unsigned mismatch
         Generating Code...
       Link:
         C:\Program Files (x86)\Microsoft Visual Studio 14.0\VC\bin\link.exe /ERRORREPORT:PROMPT /OUT:"C:\Users\Rohan\Documents\Visual Studio 2013\Projects\Assignment1.11\Game\Debug\Game.exe" /INCREMENTAL /NOLOGO /LIBPATH:"C:\Users\Rohan\Documents\Visual Studio 2013\Projects\Assignment1.11\Game\Debug" "C:\Users\Rohan\Documents\Visual Studio 2013\Projects\Assignment1.11\Game\Debug\Engine.lib" kernel32.lib user32.lib gdi32.lib winspool.lib comdlg32.lib advapi32.lib shell32.lib ole32.lib oleaut32.lib uuid.lib odbc32.lib odbccp32.lib /MANIFEST /MANIFESTUAC:"level='asInvoker' uiAccess='false'" /manifest:embed /Debug /PDB:"C:\Users\Rohan\Documents\Visual Studio 2013\Projects\Assignment1.11\Game\Debug\Game.pdb" /SUBSYSTEM:CONSOLE /TLBID:1 /DYNAMICBASE /NXCOMPAT /IMPLIB:"C:\Users\Rohan\Documents\Visual Studio 2013\Projects\Assignment1.11\Game\Debug\Game.lib" /MACHINE:X86 Debug\MonsterChase1.3.obj
         Debug\MonsterController.obj
         Debug\PlayerController.obj
         Debug\ZombieController.obj
         Game.vcxproj -> C:\Users\Rohan\Documents\Visual Studio 2013\Projects\Assignment1.11\Game\Debug\Game.exe
     1>Done Building Project "C:\Users\Rohan\Documents\Visual Studio 2013\Projects\Assignment1.11\Game\Game\Game.vcxproj" (Build target(s)).

Build succeeded.

Time Elapsed 00:00:04.68
